23:55:01.132 [restartedMain] INFO  c.c.onlinegame.OnlineGameApplication - Starting OnlineGameApplication using Java 11.0.8 on LAPTOP-ORH4JMAR with PID 34256 (C:\Users\katty\OdjectOrientedDesign\WEB-programming\site-checkers\lab2-2\online-game\target\classes started by katty in C:\Users\katty\OdjectOrientedDesign\WEB-programming\site-checkers\lab2-2\online-game)
23:55:01.139 [restartedMain] INFO  c.c.onlinegame.OnlineGameApplication - No active profile set, falling back to default profiles: default
23:55:01.265 [restartedMain] INFO  o.s.b.d.e.DevToolsPropertyDefaultsPostProcessor - Devtools property defaults active! Set 'spring.devtools.add-properties' to 'false' to disable
23:55:01.265 [restartedMain] INFO  o.s.b.d.e.DevToolsPropertyDefaultsPostProcessor - For additional web related logging consider setting the 'logging.level.web' property to 'DEBUG'
23:55:02.461 [restartedMain] INFO  o.s.d.r.c.RepositoryConfigurationDelegate - Bootstrapping Spring Data JPA repositories in DEFAULT mode.
23:55:02.543 [restartedMain] INFO  o.s.d.r.c.RepositoryConfigurationDelegate - Finished Spring Data repository scanning in 67 ms. Found 1 JPA repository interfaces.
23:55:03.940 [restartedMain] INFO  o.s.b.w.e.tomcat.TomcatWebServer - Tomcat initialized with port(s): 8081 (http)
23:55:03.961 [restartedMain] INFO  o.a.coyote.http11.Http11NioProtocol - Initializing ProtocolHandler ["http-nio-8081"]
23:55:03.962 [restartedMain] INFO  o.a.catalina.core.StandardService - Starting service [Tomcat]
23:55:03.962 [restartedMain] INFO  o.a.catalina.core.StandardEngine - Starting Servlet engine: [Apache Tomcat/9.0.56]
23:55:04.129 [restartedMain] INFO  o.a.c.c.C.[Tomcat].[localhost].[/] - Initializing Spring embedded WebApplicationContext
23:55:04.129 [restartedMain] INFO  o.s.b.w.s.c.ServletWebServerApplicationContext - Root WebApplicationContext: initialization completed in 2861 ms
23:55:04.738 [restartedMain] INFO  o.h.jpa.internal.util.LogHelper - HHH000204: Processing PersistenceUnitInfo [name: default]
23:55:04.912 [restartedMain] INFO  org.hibernate.Version - HHH000412: Hibernate ORM core version 5.6.4.Final
23:55:05.210 [restartedMain] INFO  o.h.annotations.common.Version - HCANN000001: Hibernate Commons Annotations {5.1.2.Final}
23:55:05.391 [restartedMain] INFO  com.zaxxer.hikari.HikariDataSource - HikariPool-1 - Starting...
23:55:05.595 [restartedMain] INFO  com.zaxxer.hikari.HikariDataSource - HikariPool-1 - Start completed.
23:55:05.648 [restartedMain] INFO  org.hibernate.dialect.Dialect - HHH000400: Using dialect: org.hibernate.dialect.PostgreSQL10Dialect
23:55:06.671 [restartedMain] INFO  o.h.e.t.j.p.i.JtaPlatformInitiator - HHH000490: Using JtaPlatform implementation: [org.hibernate.engine.transaction.jta.platform.internal.NoJtaPlatform]
23:55:06.687 [restartedMain] INFO  o.s.o.j.LocalContainerEntityManagerFactoryBean - Initialized JPA EntityManagerFactory for persistence unit 'default'
23:55:07.338 [restartedMain] WARN  o.s.b.a.o.j.JpaBaseConfiguration$JpaWebConfiguration - spring.jpa.open-in-view is enabled by default. Therefore, database queries may be performed during view rendering. Explicitly configure spring.jpa.open-in-view to disable this warning
23:55:07.715 [restartedMain] INFO  o.s.b.a.w.s.WelcomePageHandlerMapping - Adding welcome page template: index
23:55:08.199 [restartedMain] INFO  o.s.b.d.a.OptionalLiveReloadServer - LiveReload server is running on port 35729
23:55:08.220 [restartedMain] INFO  o.a.coyote.http11.Http11NioProtocol - Starting ProtocolHandler ["http-nio-8081"]
23:55:08.254 [restartedMain] INFO  o.s.b.w.e.tomcat.TomcatWebServer - Tomcat started on port(s): 8081 (http) with context path ''
23:55:08.283 [restartedMain] INFO  c.c.onlinegame.OnlineGameApplication - Started OnlineGameApplication in 7.998 seconds (JVM running for 9.721)
23:55:08.503 [http-nio-8081-exec-1] INFO  o.a.c.c.C.[Tomcat].[localhost].[/] - Initializing Spring DispatcherServlet 'dispatcherServlet'
23:55:08.505 [http-nio-8081-exec-1] INFO  o.s.web.servlet.DispatcherServlet - Initializing Servlet 'dispatcherServlet'
23:55:08.506 [http-nio-8081-exec-1] INFO  o.s.web.servlet.DispatcherServlet - Completed initialization in 1 ms
23:55:20.134 [http-nio-8081-exec-8] INFO  c.c.o.controllers.GameController - Партия №22: Создана новая партия. 
23:55:23.662 [http-nio-8081-exec-1] INFO  com.checker.onlinegame.models.Game - Партия №22: Игрок делает ход c1:g5
23:55:30.871 [http-nio-8081-exec-4] INFO  com.checker.onlinegame.models.Game - Партия №22: Игрок делает ход b6:d4 
23:57:33.121 [http-nio-8081-exec-10] INFO  com.checker.onlinegame.models.Game - Партия №22: Черные сдались.
23:57:33.128 [http-nio-8081-exec-10] INFO  c.c.o.controllers.GameController - Партия №22: Партия окончена. 
